0 info it worked if it ends with ok
1 verbose cli [ '/usr/local/Cellar/node/0.10.25/bin/node',
1 verbose cli   '/usr/local/bin/npm',
1 verbose cli   'publish' ]
2 info using npm@1.3.24
3 info using node@v0.10.25
4 verbose publish [ '.' ]
5 verbose cache add [ '.', null ]
6 verbose cache add name=undefined spec="." args=[".",null]
7 verbose parsed url { protocol: null,
7 verbose parsed url   slashes: null,
7 verbose parsed url   auth: null,
7 verbose parsed url   host: null,
7 verbose parsed url   port: null,
7 verbose parsed url   hostname: null,
7 verbose parsed url   hash: null,
7 verbose parsed url   search: null,
7 verbose parsed url   query: null,
7 verbose parsed url   pathname: '.',
7 verbose parsed url   path: '.',
7 verbose parsed url   href: '.' }
8 silly lockFile 3a52ce78- .
9 verbose lock . /Users/amattila/.npm/3a52ce78-.lock
10 verbose tar pack [ '/var/folders/bb/hzmqcx4d71x5n_mw96fvtxl40000gn/T/npm-15135-ZYwQWlYb/1396171088195-0.05608711112290621/tmp.tgz',
10 verbose tar pack   '.' ]
11 verbose tarball /var/folders/bb/hzmqcx4d71x5n_mw96fvtxl40000gn/T/npm-15135-ZYwQWlYb/1396171088195-0.05608711112290621/tmp.tgz
12 verbose folder .
13 info prepublish dollar@0.1.0
14 silly lockFile 1f1177db-tar tar://.
15 verbose lock tar://. /Users/amattila/.npm/1f1177db-tar.lock
16 silly lockFile 37e0da0a-8195-0-05608711112290621-tmp-tgz tar:///var/folders/bb/hzmqcx4d71x5n_mw96fvtxl40000gn/T/npm-15135-ZYwQWlYb/1396171088195-0.05608711112290621/tmp.tgz
17 verbose lock tar:///var/folders/bb/hzmqcx4d71x5n_mw96fvtxl40000gn/T/npm-15135-ZYwQWlYb/1396171088195-0.05608711112290621/tmp.tgz /Users/amattila/.npm/37e0da0a-8195-0-05608711112290621-tmp-tgz.lock
18 silly lockFile 1f1177db-tar tar://.
19 silly lockFile 1f1177db-tar tar://.
20 silly lockFile 37e0da0a-8195-0-05608711112290621-tmp-tgz tar:///var/folders/bb/hzmqcx4d71x5n_mw96fvtxl40000gn/T/npm-15135-ZYwQWlYb/1396171088195-0.05608711112290621/tmp.tgz
21 silly lockFile 37e0da0a-8195-0-05608711112290621-tmp-tgz tar:///var/folders/bb/hzmqcx4d71x5n_mw96fvtxl40000gn/T/npm-15135-ZYwQWlYb/1396171088195-0.05608711112290621/tmp.tgz
22 verbose tar unpack /var/folders/bb/hzmqcx4d71x5n_mw96fvtxl40000gn/T/npm-15135-ZYwQWlYb/1396171088195-0.05608711112290621/tmp.tgz
23 silly lockFile 1c9b49ec-8195-0-05608711112290621-package tar:///var/folders/bb/hzmqcx4d71x5n_mw96fvtxl40000gn/T/npm-15135-ZYwQWlYb/1396171088195-0.05608711112290621/package
24 verbose lock tar:///var/folders/bb/hzmqcx4d71x5n_mw96fvtxl40000gn/T/npm-15135-ZYwQWlYb/1396171088195-0.05608711112290621/package /Users/amattila/.npm/1c9b49ec-8195-0-05608711112290621-package.lock
25 silly lockFile 37e0da0a-8195-0-05608711112290621-tmp-tgz tar:///var/folders/bb/hzmqcx4d71x5n_mw96fvtxl40000gn/T/npm-15135-ZYwQWlYb/1396171088195-0.05608711112290621/tmp.tgz
26 verbose lock tar:///var/folders/bb/hzmqcx4d71x5n_mw96fvtxl40000gn/T/npm-15135-ZYwQWlYb/1396171088195-0.05608711112290621/tmp.tgz /Users/amattila/.npm/37e0da0a-8195-0-05608711112290621-tmp-tgz.lock
27 silly gunzTarPerm modes [ '755', '644' ]
28 silly gunzTarPerm extractEntry package.json
29 silly gunzTarPerm extractEntry .npmignore
30 silly gunzTarPerm extractEntry README.md
31 silly gunzTarPerm extractEntry example/example.js
32 silly gunzTarPerm extractEntry example/hs.fi.html
33 silly gunzTarPerm extractEntry lib/dollar.js
34 silly gunzTarPerm extractEntry lib/jquery-2.1.0.js
35 silly lockFile 1c9b49ec-8195-0-05608711112290621-package tar:///var/folders/bb/hzmqcx4d71x5n_mw96fvtxl40000gn/T/npm-15135-ZYwQWlYb/1396171088195-0.05608711112290621/package
36 silly lockFile 1c9b49ec-8195-0-05608711112290621-package tar:///var/folders/bb/hzmqcx4d71x5n_mw96fvtxl40000gn/T/npm-15135-ZYwQWlYb/1396171088195-0.05608711112290621/package
37 silly lockFile 37e0da0a-8195-0-05608711112290621-tmp-tgz tar:///var/folders/bb/hzmqcx4d71x5n_mw96fvtxl40000gn/T/npm-15135-ZYwQWlYb/1396171088195-0.05608711112290621/tmp.tgz
38 silly lockFile 37e0da0a-8195-0-05608711112290621-tmp-tgz tar:///var/folders/bb/hzmqcx4d71x5n_mw96fvtxl40000gn/T/npm-15135-ZYwQWlYb/1396171088195-0.05608711112290621/tmp.tgz
39 verbose tar pack [ '/Users/amattila/.npm/dollar/0.1.0/package.tgz',
39 verbose tar pack   '/var/folders/bb/hzmqcx4d71x5n_mw96fvtxl40000gn/T/npm-15135-ZYwQWlYb/1396171088195-0.05608711112290621/package' ]
40 verbose tarball /Users/amattila/.npm/dollar/0.1.0/package.tgz
41 verbose folder /var/folders/bb/hzmqcx4d71x5n_mw96fvtxl40000gn/T/npm-15135-ZYwQWlYb/1396171088195-0.05608711112290621/package
42 silly lockFile 1c9b49ec-8195-0-05608711112290621-package tar:///var/folders/bb/hzmqcx4d71x5n_mw96fvtxl40000gn/T/npm-15135-ZYwQWlYb/1396171088195-0.05608711112290621/package
43 verbose lock tar:///var/folders/bb/hzmqcx4d71x5n_mw96fvtxl40000gn/T/npm-15135-ZYwQWlYb/1396171088195-0.05608711112290621/package /Users/amattila/.npm/1c9b49ec-8195-0-05608711112290621-package.lock
44 silly lockFile 60fa95ed-ila-npm-dollar-0-1-0-package-tgz tar:///Users/amattila/.npm/dollar/0.1.0/package.tgz
45 verbose lock tar:///Users/amattila/.npm/dollar/0.1.0/package.tgz /Users/amattila/.npm/60fa95ed-ila-npm-dollar-0-1-0-package-tgz.lock
46 silly lockFile 1c9b49ec-8195-0-05608711112290621-package tar:///var/folders/bb/hzmqcx4d71x5n_mw96fvtxl40000gn/T/npm-15135-ZYwQWlYb/1396171088195-0.05608711112290621/package
47 silly lockFile 1c9b49ec-8195-0-05608711112290621-package tar:///var/folders/bb/hzmqcx4d71x5n_mw96fvtxl40000gn/T/npm-15135-ZYwQWlYb/1396171088195-0.05608711112290621/package
48 silly lockFile 60fa95ed-ila-npm-dollar-0-1-0-package-tgz tar:///Users/amattila/.npm/dollar/0.1.0/package.tgz
49 silly lockFile 60fa95ed-ila-npm-dollar-0-1-0-package-tgz tar:///Users/amattila/.npm/dollar/0.1.0/package.tgz
50 silly lockFile bb82874d-mattila-npm-dollar-0-1-0-package /Users/amattila/.npm/dollar/0.1.0/package
51 verbose lock /Users/amattila/.npm/dollar/0.1.0/package /Users/amattila/.npm/bb82874d-mattila-npm-dollar-0-1-0-package.lock
52 silly lockFile bb82874d-mattila-npm-dollar-0-1-0-package /Users/amattila/.npm/dollar/0.1.0/package
53 silly lockFile bb82874d-mattila-npm-dollar-0-1-0-package /Users/amattila/.npm/dollar/0.1.0/package
54 verbose tar unpack /Users/amattila/.npm/dollar/0.1.0/package.tgz
55 silly lockFile 753f0400-mattila-npm-dollar-0-1-0-package tar:///Users/amattila/.npm/dollar/0.1.0/package
56 verbose lock tar:///Users/amattila/.npm/dollar/0.1.0/package /Users/amattila/.npm/753f0400-mattila-npm-dollar-0-1-0-package.lock
57 silly lockFile 60fa95ed-ila-npm-dollar-0-1-0-package-tgz tar:///Users/amattila/.npm/dollar/0.1.0/package.tgz
58 verbose lock tar:///Users/amattila/.npm/dollar/0.1.0/package.tgz /Users/amattila/.npm/60fa95ed-ila-npm-dollar-0-1-0-package-tgz.lock
59 silly gunzTarPerm modes [ '755', '644' ]
60 silly gunzTarPerm extractEntry package.json
61 silly gunzTarPerm extractEntry .npmignore
62 silly gunzTarPerm extractEntry README.md
63 silly gunzTarPerm extractEntry example/example.js
64 silly gunzTarPerm extractEntry example/hs.fi.html
65 silly gunzTarPerm extractEntry lib/dollar.js
66 silly gunzTarPerm extractEntry lib/jquery-2.1.0.js
67 silly lockFile 753f0400-mattila-npm-dollar-0-1-0-package tar:///Users/amattila/.npm/dollar/0.1.0/package
68 silly lockFile 753f0400-mattila-npm-dollar-0-1-0-package tar:///Users/amattila/.npm/dollar/0.1.0/package
69 silly lockFile 60fa95ed-ila-npm-dollar-0-1-0-package-tgz tar:///Users/amattila/.npm/dollar/0.1.0/package.tgz
70 silly lockFile 60fa95ed-ila-npm-dollar-0-1-0-package-tgz tar:///Users/amattila/.npm/dollar/0.1.0/package.tgz
71 verbose chmod /Users/amattila/.npm/dollar/0.1.0/package.tgz 644
72 verbose chown /Users/amattila/.npm/dollar/0.1.0/package.tgz [ 501, 20 ]
73 silly lockFile 3a52ce78- .
74 silly lockFile 3a52ce78- .
75 silly publish { name: 'dollar',
75 silly publish   description: 'Web scraper with a jQuery like wrapper',
75 silly publish   keywords: [ 'scrape', '$', 'jQuery', 'spider' ],
75 silly publish   author: { name: 'Antti Mattila', email: 'pihvi@live.com' },
75 silly publish   repository: { type: 'git', url: 'git://github.com/pihvi/dollar' },
75 silly publish   version: '0.1.0',
75 silly publish   main: './lib/dollar.js',
75 silly publish   license: 'Apache 2.0',
75 silly publish   dependencies:
75 silly publish    { request: '2.34.0',
75 silly publish      jsdom: '0.10.3',
75 silly publish      lodash: '2.4.1',
75 silly publish      cheerio: '0.13.1',
75 silly publish      'q-io': '1.11.0',
75 silly publish      q: '1.0.1' },
75 silly publish   readme: 'Web scraper with a jQuery like wrapper.\n\n## Usage ##\n```javascript\nvar dollar = require(\'dollar\')\ndollar\n  .get(\'http://reaktor.fi/\')\n  .then(function($) {\n    console.log($(\'h1\').text())\n  })\n```\n\n## License ##\nApache 2.0\n',
75 silly publish   readmeFilename: 'README.md',
75 silly publish   bugs: { url: 'https://github.com/pihvi/dollar/issues' },
75 silly publish   homepage: 'https://github.com/pihvi/dollar',
75 silly publish   _id: 'dollar@0.1.0',
75 silly publish   dist: { shasum: 'a63eb98e1e0c3293b51e34e7f9901617b310f57a' },
75 silly publish   _from: '.' }
76 verbose url raw dollar
77 verbose url resolving [ 'https://registry.npmjs.org/', './dollar' ]
78 verbose url resolved https://registry.npmjs.org/dollar
79 info trying registry request attempt 1 at 12:18:08
80 http PUT https://registry.npmjs.org/dollar
81 http 403 https://registry.npmjs.org/dollar
82 info trying registry request attempt 1 at 12:18:12
83 http PUT https://registry.npmjs.org/dollar
84 http 403 https://registry.npmjs.org/dollar
85 error publish Failed PUT 403
86 error Error: forbidden cannot modify pre-existing version: 0.1.0
86 error old={"name":"dollar","description":"Web scraper with a jQuery like wrapper","keywords":["scrape","$","jQuery","spider"],"author":{"name":"Antti Mattila","email":"pihvi@live.com"},"repository":{"type":"git","url":"git://github.com/pihvi/dollar"},"version":"0.1.0","main":"./lib/dollar.js","license":"Apache 2.0","dependencies":{"request":"2.34.0","jsdom":"0.10.3","lodash":"2.4.1","cheerio":"0.13.1","q-io":"1.11.0","q":"1.0.1"},"bugs":{"url":"https://github.com/pihvi/dollar/issues"},"homepage":"https://github.com/pihvi/dollar","_id":"dollar@0.1.0","dist":{"shasum":"6685d9dbf3ba2730111c6ec3229c7879ffb1f5f6","tarball":"http://registry.npmjs.org/dollar/-/dollar-0.1.0.tgz"},"_from":".","_npmVersion":"1.3.24","_npmUser":{"name":"pihvi","email":"pihvi@live.com"},"maintainers":[{"name":"pihvi","email":"pihvi@live.com"}]}
86 error new={"name":"dollar","description":"Web scraper with a jQuery like wrapper","keywords":["scrape","$","jQuery","spider"],"author":{"name":"Antti Mattila","email":"pihvi@live.com"},"repository":{"type":"git","url":"git://github.com/pihvi/dollar"},"version":"0.1.0","main":"./lib/dollar.js","license":"Apache 2.0","dependencies":{"request":"2.34.0","jsdom":"0.10.3","lodash":"2.4.1","cheerio":"0.13.1","q-io":"1.11.0","q":"1.0.1"},"readme":"Web scraper with a jQuery like wrapper.\u000a\u000a## Usage ##\u000a```javascript\u000avar dollar = require('dollar')\u000adollar\u000a  .get('http://reaktor.fi/')\u000a  .then(function($) {\u000a    console.log($('h1').text())\u000a  })\u000a```\u000a\u000a## License ##\u000aApache 2.0\u000a","readmeFilename":"README.md","bugs":{"url":"https://github.com/pihvi/dollar/issues"},"homepage":"https://github.com/pihvi/dollar","_id":"dollar@0.1.0","dist":{"shasum":"a63eb98e1e0c3293b51e34e7f9901617b310f57a","tarball":"http://registry.npmjs.org/dollar/-/dollar-0.1.0.tgz"},"_from":".","_npmVersion":"1.3.24","_npmUser":{"name":"pihvi","email":"pihvi@live.com"},"maintainers":[{"name":"pihvi","email":"pihvi@live.com"}]}: dollar
86 error     at RegClient.<anonymous> (/usr/local/Cellar/node/0.10.25/lib/node_modules/npm/node_modules/npm-registry-client/lib/request.js:275:14)
86 error     at Request.self.callback (/usr/local/Cellar/node/0.10.25/lib/node_modules/npm/node_modules/request/request.js:123:22)
86 error     at Request.EventEmitter.emit (events.js:98:17)
86 error     at Request.<anonymous> (/usr/local/Cellar/node/0.10.25/lib/node_modules/npm/node_modules/request/request.js:893:14)
86 error     at Request.EventEmitter.emit (events.js:117:20)
86 error     at IncomingMessage.<anonymous> (/usr/local/Cellar/node/0.10.25/lib/node_modules/npm/node_modules/request/request.js:844:12)
86 error     at IncomingMessage.EventEmitter.emit (events.js:117:20)
86 error     at _stream_readable.js:920:16
86 error     at process._tickCallback (node.js:415:13)
87 error If you need help, you may report this *entire* log,
87 error including the npm and node versions, at:
87 error     <http://github.com/isaacs/npm/issues>
88 error System Darwin 13.1.0
89 error command "/usr/local/Cellar/node/0.10.25/bin/node" "/usr/local/bin/npm" "publish"
90 error cwd /Users/amattila/oma/Dropbox/code/hs/dollar
91 error node -v v0.10.25
92 error npm -v 1.3.24
93 verbose exit [ 1, true ]
